{"/Users/Personal/Documents/GitHub/s1-online/app/filters.js": {"path":"/Users/Personal/Documents/GitHub/s1-online/app/filters.js","statementMap":{"0":{"start":{"line":1,"column":0},"end":{"line":103,"column":2}},"1":{"start":{"line":8,"column":18},"end":{"line":8,"column":20}},"2":{"start":{"line":10,"column":2},"end":{"line":15,"column":3}},"3":{"start":{"line":11,"column":4},"end":{"line":13,"column":5}},"4":{"start":{"line":12,"column":6},"end":{"line":12,"column":19}},"5":{"start":{"line":14,"column":4},"end":{"line":14,"column":16}},"6":{"start":{"line":17,"column":2},"end":{"line":24,"column":3}},"7":{"start":{"line":18,"column":4},"end":{"line":18,"column":22}},"8":{"start":{"line":19,"column":4},"end":{"line":23,"column":5}},"9":{"start":{"line":20,"column":6},"end":{"line":20,"column":109}},"10":{"start":{"line":22,"column":6},"end":{"line":22,"column":40}},"11":{"start":{"line":58,"column":0},"end":{"line":67,"column":2}},"12":{"start":{"line":59,"column":2},"end":{"line":66,"column":3}},"13":{"start":{"line":60,"column":20},"end":{"line":60,"column":30}},"14":{"start":{"line":61,"column":30},"end":{"line":61,"column":75}},"15":{"start":{"line":63,"column":6},"end":{"line":63,"column":122}},"16":{"start":{"line":65,"column":6},"end":{"line":65,"column":41}},"17":{"start":{"line":68,"column":0},"end":{"line":81,"column":2}},"18":{"start":{"line":69,"column":2},"end":{"line":80,"column":3}},"19":{"start":{"line":71,"column":33},"end":{"line":71,"column":54}},"20":{"start":{"line":74,"column":29},"end":{"line":74,"column":53}},"21":{"start":{"line":77,"column":6},"end":{"line":77,"column":48}},"22":{"start":{"line":79,"column":6},"end":{"line":79,"column":41}},"23":{"start":{"line":85,"column":26},"end":{"line":88,"column":3}},"24":{"start":{"line":91,"column":21},"end":{"line":91,"column":40}},"25":{"start":{"line":92,"column":2},"end":{"line":94,"column":3}},"26":{"start":{"line":93,"column":6},"end":{"line":93,"column":39}},"27":{"start":{"line":96,"column":2},"end":{"line":96,"column":41}},"28":{"start":{"line":102,"column":2},"end":{"line":102,"column":17}}},"fnMap":{"0":{"name":"(anonymous_0)","decl":{"start":{"line":1,"column":17},"end":{"line":1,"column":18}},"loc":{"start":{"line":1,"column":32},"end":{"line":103,"column":1}},"line":1},"1":{"name":"(anonymous_1)","decl":{"start":{"line":10,"column":18},"end":{"line":10,"column":19}},"loc":{"start":{"line":10,"column":32},"end":{"line":15,"column":3}},"line":10},"2":{"name":"(anonymous_2)","decl":{"start":{"line":17,"column":17},"end":{"line":17,"column":18}},"loc":{"start":{"line":17,"column":32},"end":{"line":24,"column":3}},"line":17},"3":{"name":"(anonymous_3)","decl":{"start":{"line":58,"column":28},"end":{"line":58,"column":29}},"loc":{"start":{"line":58,"column":39},"end":{"line":67,"column":1}},"line":58},"4":{"name":"(anonymous_4)","decl":{"start":{"line":68,"column":21},"end":{"line":68,"column":22}},"loc":{"start":{"line":68,"column":42},"end":{"line":81,"column":1}},"line":68},"5":{"name":"getMonthInLetters","decl":{"start":{"line":83,"column":9},"end":{"line":83,"column":26}},"loc":{"start":{"line":83,"column":34},"end":{"line":97,"column":1}},"line":83}},"branchMap":{"0":{"loc":{"start":{"line":11,"column":4},"end":{"line":13,"column":5}},"type":"if","locations":[{"start":{"line":11,"column":4},"end":{"line":13,"column":5}},{"start":{},"end":{}}],"line":11},"1":{"loc":{"start":{"line":92,"column":2},"end":{"line":94,"column":3}},"type":"if","locations":[{"start":{"line":92,"column":2},"end":{"line":94,"column":3}},{"start":{},"end":{}}],"line":92},"2":{"loc":{"start":{"line":92,"column":6},"end":{"line":92,"column":60}},"type":"binary-expr","locations":[{"start":{"line":92,"column":6},"end":{"line":92,"column":23}},{"start":{"line":92,"column":27},"end":{"line":92,"column":41}},{"start":{"line":92,"column":45},"end":{"line":92,"column":60}}],"line":92}},"s":{"0":1,"1":1,"2":1,"3":0,"4":0,"5":0,"6":1,"7":0,"8":0,"9":0,"10":0,"11":1,"12":0,"13":0,"14":0,"15":0,"16":0,"17":1,"18":0,"19":0,"20":0,"21":0,"22":0,"23":0,"24":0,"25":0,"26":0,"27":0,"28":1},"f":{"0":1,"1":0,"2":0,"3":0,"4":0,"5":0},"b":{"0":[0,0],"1":[0,0],"2":[0,0,0]},"_coverageSchema":"1a1c01bbd47fc00a2c39e90264f33305004495a9","hash":"2ab17d333644aa2e49ee3b2f1dc6a90604bca6b9"}
,"/Users/Personal/Documents/GitHub/s1-online/lib/core_filters.js": {"path":"/Users/Personal/Documents/GitHub/s1-online/lib/core_filters.js","statementMap":{"0":{"start":{"line":1,"column":0},"end":{"line":25,"column":2}},"1":{"start":{"line":4,"column":23},"end":{"line":4,"column":44}},"2":{"start":{"line":11,"column":18},"end":{"line":11,"column":20}},"3":{"start":{"line":20,"column":2},"end":{"line":22,"column":4}},"4":{"start":{"line":21,"column":4},"end":{"line":21,"column":91}},"5":{"start":{"line":24,"column":2},"end":{"line":24,"column":17}}},"fnMap":{"0":{"name":"(anonymous_0)","decl":{"start":{"line":1,"column":17},"end":{"line":1,"column":18}},"loc":{"start":{"line":1,"column":32},"end":{"line":25,"column":1}},"line":1},"1":{"name":"log","decl":{"start":{"line":20,"column":25},"end":{"line":20,"column":28}},"loc":{"start":{"line":20,"column":32},"end":{"line":22,"column":3}},"line":20}},"branchMap":{},"s":{"0":1,"1":1,"2":1,"3":1,"4":0,"5":1},"f":{"0":1,"1":0},"b":{},"_coverageSchema":"1a1c01bbd47fc00a2c39e90264f33305004495a9","hash":"2275a7cb498c93a6adf21bb5f2aa86f8eeb08e2a"}
}
