TN:
SF:app/filters.js
FN:1,(anonymous_0)
FN:10,(anonymous_1)
FN:17,(anonymous_2)
FN:58,(anonymous_3)
FN:68,(anonymous_4)
FN:83,getMonthInLetters
FNF:6
FNH:1
FNDA:1,(anonymous_0)
FNDA:0,(anonymous_1)
FNDA:0,(anonymous_2)
FNDA:0,(anonymous_3)
FNDA:0,(anonymous_4)
FNDA:0,getMonthInLetters
DA:1,1
DA:8,1
DA:10,1
DA:11,0
DA:12,0
DA:14,0
DA:17,1
DA:18,0
DA:19,0
DA:20,0
DA:22,0
DA:58,1
DA:59,0
DA:60,0
DA:61,0
DA:63,0
DA:65,0
DA:68,1
DA:69,0
DA:71,0
DA:74,0
DA:77,0
DA:79,0
DA:85,0
DA:91,0
DA:92,0
DA:93,0
DA:96,0
DA:102,1
LF:29
LH:7
BRDA:11,0,0,0
BRDA:11,0,1,0
BRDA:92,1,0,0
BRDA:92,1,1,0
BRDA:92,2,0,0
BRDA:92,2,1,0
BRDA:92,2,2,0
BRF:7
BRH:0
end_of_record
TN:
SF:lib/core_filters.js
FN:1,(anonymous_0)
FN:20,log
FNF:2
FNH:1
FNDA:1,(anonymous_0)
FNDA:0,log
DA:1,1
DA:4,1
DA:11,1
DA:20,1
DA:21,0
DA:24,1
LF:6
LH:5
BRF:0
BRH:0
end_of_record
